<?xml version="1.0" encoding="UTF-8"?>
<!-- Generated by org.testng.reporters.JUnitXMLReporter -->
<testsuite ignored="0" hostname="DESKTOP-UAJCI39" failures="1" tests="7" name="Free CRM App Test" time="91.048" errors="0" timestamp="2023-06-17T19:53:12 IST">
  <testcase classname="com.vtigercrm.qa.testcases.ContactsPageTest" name="verifyContactsPageLabel" time="0.072"/>
  <testcase classname="com.vtigercrm.qa.testcases.ContactsPageTest" name="selectCheckboxforUser" time="2.466"/>
  <testcase classname="com.vtigercrm.qa.testcases.HomePageTest" name="verifyHomePageTitle" time="0.104"/>
  <testcase classname="com.vtigercrm.qa.testcases.HomePageTest" name="checkLoggedinUser" time="3.172"/>
  <testcase classname="com.vtigercrm.qa.testcases.HomePageTest" name="goToContactsPage" time="2.373"/>
  <testcase classname="com.vtigercrm.qa.testcases.LoginPageTest" name="loginPageTitletest" time="0.012">
    <failure type="java.lang.AssertionError" message="expected [SuiteCRM] but found [Cogmento CRM]">
      <![CDATA[java.lang.AssertionError: expected [SuiteCRM] but found [Cogmento CRM]
at com.vtigercrm.qa.testcases.LoginPageTest.loginPageTitletest(LoginPageTest.java:37)
at java.base/java.util.ArrayList.forEach(ArrayList.java:1507)
... Removed 32 stack frames]]>
    </failure>
  </testcase> <!-- loginPageTitletest -->
  <testcase classname="com.vtigercrm.qa.testcases.LoginPageTest" name="loginTest" time="0.388"/>
</testsuite> <!-- Free CRM App Test -->
